Using pre-set license
Built from '2023.1/staging' branch; Version is '2023.1.7f1 (4f4e359ec3fc) revision 5197365'; Using compiler version '192829333'; Build Type 'Release'
OS: 'Windows 10  (10.0.19044) 64bit Professional' Language: 'en' Physical Memory: 32509 MB
BatchMode: 1, IsHumanControllingUs: 0, StartBugReporterOnCrash: 0, Is64bit: 1, IsPro: 1

COMMAND LINE ARGUMENTS:
C:\Program Files\Unity 2023.1.7f1\Editor\Unity.exe
-adb2
-batchMode
-noUpm
-name
AssetImportWorker1
-projectPath
C:/Users/NCPC/My project
-logFile
Logs/AssetImportWorker1.log
-srvPort
49761
Successfully changed project path to: C:/Users/NCPC/My project
C:/Users/NCPC/My project
[UnityMemory] Configuration Parameters - Can be set up in boot.config
    "memorysetup-bucket-allocator-granularity=16"
    "memorysetup-bucket-allocator-bucket-count=8"
    "memorysetup-bucket-allocator-block-size=33554432"
    "memorysetup-bucket-allocator-block-count=8"
    "memorysetup-main-allocator-block-size=16777216"
    "memorysetup-thread-allocator-block-size=16777216"
    "memorysetup-gfx-main-allocator-block-size=16777216"
    "memorysetup-gfx-thread-allocator-block-size=16777216"
    "memorysetup-cache-allocator-block-size=4194304"
    "memorysetup-typetree-allocator-block-size=2097152"
    "memorysetup-profiler-bucket-allocator-granularity=16"
    "memorysetup-profiler-bucket-allocator-bucket-count=8"
    "memorysetup-profiler-bucket-allocator-block-size=33554432"
    "memorysetup-profiler-bucket-allocator-block-count=8"
    "memorysetup-profiler-allocator-block-size=16777216"
    "memorysetup-profiler-editor-allocator-block-size=1048576"
    "memorysetup-temp-allocator-size-main=16777216"
    "memorysetup-job-temp-allocator-block-size=2097152"
    "memorysetup-job-temp-allocator-block-size-background=1048576"
    "memorysetup-job-temp-allocator-reduction-small-platforms=262144"
    "memorysetup-allocator-temp-initial-block-size-main=262144"
    "memorysetup-allocator-temp-initial-block-size-worker=262144"
    "memorysetup-temp-allocator-size-background-worker=32768"
    "memorysetup-temp-allocator-size-job-worker=262144"
    "memorysetup-temp-allocator-size-preload-manager=33554432"
    "memorysetup-temp-allocator-size-nav-mesh-worker=65536"
    "memorysetup-temp-allocator-size-audio-worker=65536"
    "memorysetup-temp-allocator-size-cloud-worker=32768"
    "memorysetup-temp-allocator-size-gi-baking-worker=262144"
    "memorysetup-temp-allocator-size-gfx=262144"
Player connection [9044] Host "[IP] 192.168.98.168 [Port] 0 [Flags] 2 [Guid] 1953477210 [EditorId] 1953477210 [Version] 1048832 [Id] WindowsEditor(7,DESKTOP-HBNKGQV) [Debug] 1 [PackageName] WindowsEditor [ProjectName] Editor" joined multi-casting on [225.0.0.222:54997]...

Player connection [9044] Host "[IP] 192.168.98.168 [Port] 0 [Flags] 2 [Guid] 1953477210 [EditorId] 1953477210 [Version] 1048832 [Id] WindowsEditor(7,DESKTOP-HBNKGQV) [Debug] 1 [PackageName] WindowsEditor [ProjectName] Editor" joined alternative multi-casting on [225.0.0.222:34997]...

Library Redirect Path: Library/Refreshing native plugins compatible for Editor in 8.05 ms, found 4 plugins.
Preloading 0 native plugins for Editor in 0.00 ms.
Initialize engine version: 2023.1.7f1 (4f4e359ec3fc)
[Subsystems] Discovering subsystems at path C:/Program Files/Unity 2023.1.7f1/Editor/Data/Resources/UnitySubsystems
[Subsystems] Discovering subsystems at path C:/Users/NCPC/My project/Assets
GfxDevice: creating device client; threaded=0; jobified=0
Direct3D:
    Version:  Direct3D 11.0 [level 11.1]
    Renderer: NVIDIA GeForce GTX 1650 SUPER (ID=0x2187)
    Vendor:   NVIDIA
    VRAM:     3943 MB
    Driver:   31.0.15.3713
Initialize mono
Mono path[0] = 'C:/Program Files/Unity 2023.1.7f1/Editor/Data/Managed'
Mono path[1] = 'C:/Program Files/Unity 2023.1.7f1/Editor/Data/MonoBleedingEdge/lib/mono/unityjit-win32'
Mono config path = 'C:/Program Files/Unity 2023.1.7f1/Editor/Data/MonoBleedingEdge/etc'
Using monoOptions --debugger-agent=transport=dt_socket,embedding=1,server=y,suspend=n,address=127.0.0.1:56904
Begin MonoManager ReloadAssembly
C:\build\output\Unity-Technologies\mono\mono\metadata\icall.c:1842:
C:\build\output\Unity-Technologies\mono\mono\metadata\icall.c:1842:
C:\build\output\Unity-Technologies\mono\mono\metadata\icall.c:1842:
C:\build\output\Unity-Technologies\mono\mono\metadata\icall.c:1842:
C:\build\output\Unity-Technologies\mono\mono\metadata\icall.c:1842:
C:\build\output\Unity-Technologies\mono\mono\metadata\icall.c:1842:
C:\build\output\Unity-Technologies\mono\mono\metadata\icall.c:1842:
C:\build\output\Unity-Technologies\mono\mono\metadata\icall.c:1842:
C:\build\output\Unity-Technologies\mono\mono\metadata\icall.c:1842:
C:\build\output\Unity-Technologies\mono\mono\metadata\icall.c:1842:
Registering precompiled unity dll's ...
Register platform support module: C:/Program Files/Unity 2023.1.7f1/Editor/Data/PlaybackEngines/WindowsStandaloneSupport/UnityEditor.WindowsStandalone.Extensions.dll
Registered in 0.002740 seconds.
- Loaded All Assemblies, in  0.374 seconds
Native extension for WindowsStandalone target not found
Mono: successfully reloaded assembly
C:\build\output\Unity-Technologies\mono\mono\metadata\icall.c:1842:
C:\build\output\Unity-Technologies\mono\mono\metadata\icall.c:1842:
- Finished resetting the current domain, in  0.274 seconds
Domain Reload Profiling: 647ms
	BeginReloadAssembly (123ms)
		ExecutionOrderSort (0ms)
		DisableScriptedObjects (0ms)
		BackupInstance (0ms)
		ReleaseScriptingObjects (0ms)
		CreateAndSetChildDomain (1ms)
	RebuildCommonClasses (35ms)
	RebuildNativeTypeToScriptingClass (13ms)
	initialDomainReloadingComplete (51ms)
	LoadAllAssembliesAndSetupDomain (152ms)
		LoadAssemblies (120ms)
		RebuildTransferFunctionScriptingTraits (0ms)
		AnalyzeDomain (148ms)
			TypeCache.Refresh (146ms)
				TypeCache.ScanAssembly (135ms)
			ScanForSourceGeneratedMonoScriptInfo (0ms)
			ResolveRequiredComponents (0ms)
	FinalizeReload (275ms)
		ReleaseScriptCaches (0ms)
		RebuildScriptCaches (0ms)
		SetupLoadedEditorAssemblies (226ms)
			LogAssemblyErrors (0ms)
			InitializePlatformSupportModulesInManaged (9ms)
			SetLoadedEditorAssemblies (5ms)
			BeforeProcessingInitializeOnLoad (8ms)
			ProcessInitializeOnLoadAttributes (152ms)
			ProcessInitializeOnLoadMethodAttributes (52ms)
			AfterProcessingInitializeOnLoad (0ms)
			EditorAssembliesLoaded (0ms)
		ExecutionOrderSort2 (0ms)
		AwakeInstancesAfterBackupRestoration (0ms)
========================================================================
Worker process is ready to serve import requests
Import Worker Mode flag is 0x00
Begin MonoManager ReloadAssembly
C:\build\output\Unity-Technologies\mono\mono\metadata\icall.c:1842:
C:\build\output\Unity-Technologies\mono\mono\metadata\icall.c:1842:
C:\build\output\Unity-Technologies\mono\mono\metadata\icall.c:1842:
C:\build\output\Unity-Technologies\mono\mono\metadata\icall.c:1842:
C:\build\output\Unity-Technologies\mono\mono\metadata\icall.c:1842:
C:\build\output\Unity-Technologies\mono\mono\metadata\icall.c:1842:
C:\build\output\Unity-Technologies\mono\mono\metadata\icall.c:1842:
C:\build\output\Unity-Technologies\mono\mono\metadata\icall.c:1842:
C:\build\output\Unity-Technologies\mono\mono\metadata\icall.c:1842:
C:\build\output\Unity-Technologies\mono\mono\metadata\icall.c:1842:
C:\build\output\Unity-Technologies\mono\mono\metadata\icall.c:1842:
C:\build\output\Unity-Technologies\mono\mono\metadata\icall.c:1842:
Symbol file LoadedFromMemory doesn't match image C:\Users\NCPC\My project\Library\PackageCache\com.unity.visualscripting@1.8.0\Editor\VisualScripting.Core\Dependencies\YamlDotNet\Unity.VisualScripting.YamlDotNet.dll
Symbol file LoadedFromMemory doesn't match image C:\Users\NCPC\My project\Library\PackageCache\com.unity.visualscripting@1.8.0\Editor\VisualScripting.Core\Dependencies\DotNetZip\Unity.VisualScripting.IonicZip.dll
- Loaded All Assemblies, in  0.901 seconds
Refreshing native plugins compatible for Editor in 2.91 ms, found 4 plugins.
Native extension for WindowsStandalone target not found
Mono: successfully reloaded assembly
- Finished resetting the current domain, in  0.607 seconds
Domain Reload Profiling: 1505ms
	BeginReloadAssembly (295ms)
		ExecutionOrderSort (0ms)
		DisableScriptedObjects (6ms)
		BackupInstance (0ms)
		ReleaseScriptingObjects (0ms)
		CreateAndSetChildDomain (27ms)
	RebuildCommonClasses (34ms)
	RebuildNativeTypeToScriptingClass (12ms)
	initialDomainReloadingComplete (40ms)
	LoadAllAssembliesAndSetupDomain (516ms)
		LoadAssemblies (305ms)
		RebuildTransferFunctionScriptingTraits (0ms)
		AnalyzeDomain (301ms)
			TypeCache.Refresh (276ms)
				TypeCache.ScanAssembly (264ms)
			ScanForSourceGeneratedMonoScriptInfo (20ms)
			ResolveRequiredComponents (4ms)
	FinalizeReload (607ms)
		ReleaseScriptCaches (0ms)
		RebuildScriptCaches (0ms)
		SetupLoadedEditorAssemblies (395ms)
			LogAssemblyErrors (0ms)
			InitializePlatformSupportModulesInManaged (6ms)
			SetLoadedEditorAssemblies (5ms)
			BeforeProcessingInitializeOnLoad (82ms)
			ProcessInitializeOnLoadAttributes (261ms)
			ProcessInitializeOnLoadMethodAttributes (37ms)
			AfterProcessingInitializeOnLoad (4ms)
			EditorAssembliesLoaded (0ms)
		ExecutionOrderSort2 (0ms)
		AwakeInstancesAfterBackupRestoration (7ms)
Launched and connected shader compiler UnityShaderCompiler.exe after 0.01 seconds
Refreshing native plugins compatible for Editor in 1.47 ms, found 4 plugins.
Preloading 0 native plugins for Editor in 0.00 ms.
Unloading 4086 Unused Serialized files (Serialized files now loaded: 0)
Unloading 63 unused Assets / (56.7 KB). Loaded Objects now: 4627.
Memory consumption went from 147.0 MB to 146.9 MB.
Total: 3.005200 ms (FindLiveObjects: 0.186500 ms CreateObjectMapping: 0.098700 ms MarkObjects: 2.633200 ms  DeleteObjects: 0.086100 ms)

AssetImportParameters requested are different than current active one (requested -> active):
  custom:scripting/monoscript/fileName/UdpSocket.cs: 8c0d397a479fd27af2dbb174e2e93898 -> 7555d065f81d23e6604acb91cf79ddd6
  custom:scripting/monoscript/fileName/Cli.cs: be16a0a8bb16d1ef9d2560a778c2da7b -> d287e08b50f2cb135aa4d7f8e01b7ef9
  custom:scripting/monoscript/fileName/TestResultAdaptor.cs: 16f5b03abe348a2daca79e8d44a65466 -> fb4db3971d5379750cda884e7e44e3e4
  custom:video-decoder-webm-vp8: 9c59270c3fd7afecdb556c50c9e8de78 -> 
  custom:scripting/monoscript/fileName/MessageEventArgs.cs: ff5ca0eb4b435cf92aa845f4d510328b -> 528473bbcee3623fe954627c6bfadd2e
  custom:scripting/monoscript/fileName/TestAdaptor.cs: 4286d6ce850b7e57b6ad1d9b342a9979 -> 486cec8559bad7c56adc699f165feb67
  custom:scripting/monoscript/fileName/Serializer.cs: 93add3d414874bb21069d5380b7e3260 -> d7df1b97d0a3bd0bb98fd4d2d5bf5d29
  custom:audio-encoder-webm-vorbis: bf7c407c2cedff20999df2af8eb42d56 -> 
  custom:scripting/monoscript/fileName/Symbols.cs: 45ec383a13e5ac18bbf85f25db5b131e -> 27613575e8bda8a6448f80ff27c488f9
  custom:scripting/monoscript/fileName/VisualStudioEditor.cs: 0723bb91171820644eb6c92edfe7a716 -> 21e59f688ad500ab61aca318850ec505
  custom:scripting/monoscript/fileName/SolutionParser.cs: d75126b0174a0c9995bacb91f692ba43 -> 240a75b5fc2682997268aa77e6a1dd86
  custom:scripting/monoscript/fileName/Message.cs: dae271262c0220d8340d0a3b5a902790 -> 671a789acb2c7a93d0b620fe02979957
  custom:scripting/monoscript/fileName/TcpListener.cs: 2e837178dd3ee07b0dd871ea47f79d1c -> 940bfdac0e91ad2884e6359468f2782a
  custom:scripting/monoscript/fileName/Messenger.cs: e5d3a13331933d43889756e46bbd2d7d -> f4ebc46d09b2b4de489946914db2aae0
  custom:scripting/monoscript/fileName/ProjectProperties.cs: b180a07572fd00ffb8a37c98ca6e2b49 -> 407063898a13eaad2cd100e43551c6b5
  custom:AudioImporter_EditorPlatform: d09bf68614088b80899f8185d706f6e7 -> 
  custom:audio-decoder-ogg-vorbis: bf7c407c2cedff20999df2af8eb42d56 -> 
  custom:scripting/monoscript/fileName/ProcessRunner.cs: 091011eda0e59a4b13abcb3f2a437c71 -> 932a2a80cb9a3539199f645deff3c585
  custom:scripting/monoscript/fileName/ProjectGeneration.cs: 9d4f591911179d41ca1bfb9c521211c6 -> 9a60ae906ea060222f7967033c27f7ed
  custom:video-encoder-webm-vp8: eb34c28f22e8b96e1ab97ce403110664 -> 
  custom:scripting/monoscript/fileName/Image.cs: 27f7fe2eed0ee693ad26142088b47cca -> f32195bbbc1ca9edcb6c8c6185597e40
  custom:container-demuxer-ogg: 62fdf1f143b41e24485cea50d1cbac27 -> 
  custom:scripting/monoscript/fileName/TcpClient.cs: 62f63a757b531974565dd3360d33c3e2 -> a949cfd4c46427829913ee0195fa0103
  custom:framework-win-MediaFoundation: 216162199b28c13a410421893ffa2e32 -> 
  custom:scripting/monoscript/fileName/VisualStudioInstallation.cs: 0d67d8617dccb9ec1e3d5b40231d5c9c -> 41612f13db7783c8635801ab159c1079
  custom:scripting/monoscript/fileName/VisualStudioIntegration.cs: cfa3622c505da8be2039caefbb88d122 -> f9e623c49f9f20ea97a4519aa48d72d4
  custom:scripting/monoscript/fileName/AsyncOperation.cs: 8f6297df34271fdb1ce2d9607ec6261d -> 90647cc400823b41df847a6cbfc29026
  custom:scripting/monoscript/fileName/KnownAssemblies.cs: eeea5c54de119292c9e35e827e39077b -> 286bea9f8fcee5e392f6fc0f0cd541c8
  custom:scripting/monoscript/fileName/SolutionProjectEntry.cs: ad134947b839971a55dcc89fa7def608 -> 68cea09e9af09443edf61e18806ac1c2
  custom:scripting/monoscript/fileName/FileUtility.cs: 71f27212df47cad3593aaf64e7d40726 -> 2d70b80c72be1fb3b2b89ce0939e8cef
  custom:video-decoder-ogg-theora: a1e56fd34408186e4bbccfd4996cb3dc -> 
  custom:scripting/monoscript/fileName/VersionPair.cs: 83d1d4ad8ea7a98456de1bf0e51c2809 -> 88b4a0b7e953537f26ded0a68cf4c238
  custom:scripting/monoscript/fileName/Solution.cs: 0ce897859916f31a23b527b10b82ea1c -> 8bc97d0abd509f39b67b3a5bbac1b9a1
  custom:scripting/monoscript/fileName/GUIDProvider.cs: 42851dcbdcf2b3e052b42a23bdc10c5e -> cdd3f47e4fe593d2dfdf9915fa537e3f
  custom:scripting/monoscript/fileName/UnityInstallation.cs: b5b03b3b3e06c1a279a8d0206f524a8c -> 0ba30d4545f2c34a9323456723b5dbfe
  custom:scripting/monoscript/fileName/Discovery.cs: a176473c385aca596348ba07cbef9e40 -> 1ae9199a0deb7c5f12573b8e12630fb0
  custom:scripting/monoscript/fileName/AssemblyNameProvider.cs: 412dd6a1178a8d30db9697e3966d84a7 -> 5210529ddc67cdb852122f447527c528
  custom:scripting/monoscript/fileName/Deserializer.cs: 5a795d9395ad7e35e14ed6e294af204a -> 1cc72e9ed2428cc6d6ce2d4d2ad7b02b
  custom:scripting/monoscript/fileName/ExceptionEventArgs.cs: e02709200f0b16494a1611966a13889c -> 27cb4c00a4137b184e01164606c88685
  custom:container-muxer-webm: aa71ff27fc2769a1b78a27578f13a17b -> 
  custom:scripting/monoscript/fileName/TestRunnerCallbacks.cs: 3af5d6a10f138e57c289f4f7d34ae28c -> 5627cb9f4ed769fba607b0cab8e9e63d
  custom:scripting/monoscript/fileName/UsageUtility.cs: 8b1af87d43264a213340a26d31d1dfd4 -> 5ed3d13206b2b96245ce59a5c83beed1
  custom:CustomObjectIndexerAttribute: 756ad292c208cfabdd7b50bc23989ffe -> 
  custom:container-demuxer-webm: 4f35f7cbe854078d1ac9338744f61a02 -> 
  custom:scripting/monoscript/fileName/FileIOProvider.cs: 1ce0476a672b5b71a81d6ee006010383 -> 304525d180d2b661ce338fc8a3225752
  custom:scripting/monoscript/fileName/SolutionProperties.cs: e56a3118082c5b341d1dc42cac5ce89b -> ab8751e49ae2f3d9994444a0a38619bd
  custom:scripting/monoscript/fileName/TestRunnerApiListener.cs: 6c187faf0bd0f433a681c31e7512bd7e -> cc17cec8825a8f933d6ecbd68d51f1de
========================================================================
Received Import Request.
  Time since last request: 6774.976323 seconds.
  path: Assets/NewBehaviourScript.cs
  artifactKey: Guid(b32397b4129a04a489ae1e9c49be094a) Importer(815301076,1909f56bfc062723c751e8b465ee728b)
Start importing Assets/NewBehaviourScript.cs using Guid(b32397b4129a04a489ae1e9c49be094a) Importer(815301076,1909f56bfc062723c751e8b465ee728b)  -> (artifact id: 'a04c9e41f8e0cbd3ebdb0ac4df6c252c') in 0.001882 seconds
Number of updated asset objects reloaded before import = 0
Number of asset objects unloaded after import = 0
========================================================================
Received Prepare
Begin MonoManager ReloadAssembly
C:\build\output\Unity-Technologies\mono\mono\metadata\icall.c:1842:
C:\build\output\Unity-Technologies\mono\mono\metadata\icall.c:1842:
C:\build\output\Unity-Technologies\mono\mono\metadata\icall.c:1842:
C:\build\output\Unity-Technologies\mono\mono\metadata\icall.c:1842:
C:\build\output\Unity-Technologies\mono\mono\metadata\icall.c:1842:
C:\build\output\Unity-Technologies\mono\mono\metadata\icall.c:1842:
C:\build\output\Unity-Technologies\mono\mono\metadata\icall.c:1842:
C:\build\output\Unity-Technologies\mono\mono\metadata\icall.c:1842:
C:\build\output\Unity-Technologies\mono\mono\metadata\icall.c:1842:
C:\build\output\Unity-Technologies\mono\mono\metadata\icall.c:1842:
C:\build\output\Unity-Technologies\mono\mono\metadata\icall.c:1842:
C:\build\output\Unity-Technologies\mono\mono\metadata\icall.c:1842:
Symbol file LoadedFromMemory doesn't match image C:\Users\NCPC\My project\Library\PackageCache\com.unity.visualscripting@1.8.0\Editor\VisualScripting.Core\Dependencies\YamlDotNet\Unity.VisualScripting.YamlDotNet.dll
Symbol file LoadedFromMemory doesn't match image C:\Users\NCPC\My project\Library\PackageCache\com.unity.visualscripting@1.8.0\Editor\VisualScripting.Core\Dependencies\DotNetZip\Unity.VisualScripting.IonicZip.dll
- Loaded All Assemblies, in  0.750 seconds
Refreshing native plugins compatible for Editor in 3.11 ms, found 4 plugins.
Native extension for WindowsStandalone target not found
Mono: successfully reloaded assembly
- Finished resetting the current domain, in  0.820 seconds
Domain Reload Profiling: 1566ms
	BeginReloadAssembly (184ms)
		ExecutionOrderSort (0ms)
		DisableScriptedObjects (14ms)
		BackupInstance (0ms)
		ReleaseScriptingObjects (0ms)
		CreateAndSetChildDomain (41ms)
	RebuildCommonClasses (33ms)
	RebuildNativeTypeToScriptingClass (13ms)
	initialDomainReloadingComplete (27ms)
	LoadAllAssembliesAndSetupDomain (488ms)
		LoadAssemblies (304ms)
		RebuildTransferFunctionScriptingTraits (0ms)
		AnalyzeDomain (277ms)
			TypeCache.Refresh (268ms)
				TypeCache.ScanAssembly (257ms)
			ScanForSourceGeneratedMonoScriptInfo (4ms)
			ResolveRequiredComponents (5ms)
	FinalizeReload (821ms)
		ReleaseScriptCaches (0ms)
		RebuildScriptCaches (0ms)
		SetupLoadedEditorAssemblies (368ms)
			LogAssemblyErrors (0ms)
			InitializePlatformSupportModulesInManaged (6ms)
			SetLoadedEditorAssemblies (4ms)
			BeforeProcessingInitializeOnLoad (84ms)
			ProcessInitializeOnLoadAttributes (238ms)
			ProcessInitializeOnLoadMethodAttributes (31ms)
			AfterProcessingInitializeOnLoad (4ms)
			EditorAssembliesLoaded (0ms)
		ExecutionOrderSort2 (0ms)
		AwakeInstancesAfterBackupRestoration (8ms)
Refreshing native plugins compatible for Editor in 3.15 ms, found 4 plugins.
Preloading 0 native plugins for Editor in 0.00 ms.
Unloading 4073 Unused Serialized files (Serialized files now loaded: 0)
Unloading 34 unused Assets / (34.6 KB). Loaded Objects now: 4630.
Memory consumption went from 143.3 MB to 143.3 MB.
Total: 3.753100 ms (FindLiveObjects: 0.337800 ms CreateObjectMapping: 0.119600 ms MarkObjects: 3.241700 ms  DeleteObjects: 0.053200 ms)

Prepare: number of updated asset objects reloaded= 0
AssetImportParameters requested are different than current active one (requested -> active):
  custom:scripting/monoscript/fileName/UdpSocket.cs: 8c0d397a479fd27af2dbb174e2e93898 -> 7555d065f81d23e6604acb91cf79ddd6
  custom:scripting/monoscript/fileName/Cli.cs: be16a0a8bb16d1ef9d2560a778c2da7b -> d287e08b50f2cb135aa4d7f8e01b7ef9
  custom:scripting/monoscript/fileName/TestResultAdaptor.cs: 16f5b03abe348a2daca79e8d44a65466 -> fb4db3971d5379750cda884e7e44e3e4
  custom:video-decoder-webm-vp8: 9c59270c3fd7afecdb556c50c9e8de78 -> 
  custom:scripting/monoscript/fileName/MessageEventArgs.cs: ff5ca0eb4b435cf92aa845f4d510328b -> 528473bbcee3623fe954627c6bfadd2e
  custom:scripting/monoscript/fileName/TestAdaptor.cs: 4286d6ce850b7e57b6ad1d9b342a9979 -> 486cec8559bad7c56adc699f165feb67
  custom:scripting/monoscript/fileName/Serializer.cs: 93add3d414874bb21069d5380b7e3260 -> d7df1b97d0a3bd0bb98fd4d2d5bf5d29
  custom:audio-encoder-webm-vorbis: bf7c407c2cedff20999df2af8eb42d56 -> 
  custom:scripting/monoscript/fileName/Symbols.cs: 45ec383a13e5ac18bbf85f25db5b131e -> 27613575e8bda8a6448f80ff27c488f9
  custom:scripting/monoscript/fileName/VisualStudioEditor.cs: 0723bb91171820644eb6c92edfe7a716 -> 21e59f688ad500ab61aca318850ec505
  custom:scripting/monoscript/fileName/SolutionParser.cs: d75126b0174a0c9995bacb91f692ba43 -> 240a75b5fc2682997268aa77e6a1dd86
  custom:scripting/monoscript/fileName/Message.cs: dae271262c0220d8340d0a3b5a902790 -> 671a789acb2c7a93d0b620fe02979957
  custom:scripting/monoscript/fileName/TcpListener.cs: 2e837178dd3ee07b0dd871ea47f79d1c -> 940bfdac0e91ad2884e6359468f2782a
  custom:scripting/monoscript/fileName/Messenger.cs: e5d3a13331933d43889756e46bbd2d7d -> f4ebc46d09b2b4de489946914db2aae0
  custom:scripting/monoscript/fileName/ProjectProperties.cs: b180a07572fd00ffb8a37c98ca6e2b49 -> 407063898a13eaad2cd100e43551c6b5
  custom:AudioImporter_EditorPlatform: d09bf68614088b80899f8185d706f6e7 -> 
  custom:audio-decoder-ogg-vorbis: bf7c407c2cedff20999df2af8eb42d56 -> 
  custom:scripting/monoscript/fileName/ProcessRunner.cs: 091011eda0e59a4b13abcb3f2a437c71 -> 932a2a80cb9a3539199f645deff3c585
  custom:scripting/monoscript/fileName/ProjectGeneration.cs: 9d4f591911179d41ca1bfb9c521211c6 -> 9a60ae906ea060222f7967033c27f7ed
  custom:video-encoder-webm-vp8: eb34c28f22e8b96e1ab97ce403110664 -> 
  custom:scripting/monoscript/fileName/Image.cs: 27f7fe2eed0ee693ad26142088b47cca -> f32195bbbc1ca9edcb6c8c6185597e40
  custom:container-demuxer-ogg: 62fdf1f143b41e24485cea50d1cbac27 -> 
  custom:scripting/monoscript/fileName/TcpClient.cs: 62f63a757b531974565dd3360d33c3e2 -> a949cfd4c46427829913ee0195fa0103
  custom:framework-win-MediaFoundation: 216162199b28c13a410421893ffa2e32 -> 
  custom:scripting/monoscript/fileName/VisualStudioInstallation.cs: 0d67d8617dccb9ec1e3d5b40231d5c9c -> 41612f13db7783c8635801ab159c1079
  custom:scripting/monoscript/fileName/VisualStudioIntegration.cs: cfa3622c505da8be2039caefbb88d122 -> f9e623c49f9f20ea97a4519aa48d72d4
  custom:scripting/monoscript/fileName/AsyncOperation.cs: 8f6297df34271fdb1ce2d9607ec6261d -> 90647cc400823b41df847a6cbfc29026
  custom:scripting/monoscript/fileName/KnownAssemblies.cs: eeea5c54de119292c9e35e827e39077b -> 286bea9f8fcee5e392f6fc0f0cd541c8
  custom:scripting/monoscript/fileName/SolutionProjectEntry.cs: ad134947b839971a55dcc89fa7def608 -> 68cea09e9af09443edf61e18806ac1c2
  custom:scripting/monoscript/fileName/FileUtility.cs: 71f27212df47cad3593aaf64e7d40726 -> 2d70b80c72be1fb3b2b89ce0939e8cef
  custom:video-decoder-ogg-theora: a1e56fd34408186e4bbccfd4996cb3dc -> 
  custom:scripting/monoscript/fileName/VersionPair.cs: 83d1d4ad8ea7a98456de1bf0e51c2809 -> 88b4a0b7e953537f26ded0a68cf4c238
  custom:scripting/monoscript/fileName/Solution.cs: 0ce897859916f31a23b527b10b82ea1c -> 8bc97d0abd509f39b67b3a5bbac1b9a1
  custom:scripting/monoscript/fileName/GUIDProvider.cs: 42851dcbdcf2b3e052b42a23bdc10c5e -> cdd3f47e4fe593d2dfdf9915fa537e3f
  custom:scripting/monoscript/fileName/UnityInstallation.cs: b5b03b3b3e06c1a279a8d0206f524a8c -> 0ba30d4545f2c34a9323456723b5dbfe
  custom:scripting/monoscript/fileName/Discovery.cs: a176473c385aca596348ba07cbef9e40 -> 1ae9199a0deb7c5f12573b8e12630fb0
  custom:scripting/monoscript/fileName/AssemblyNameProvider.cs: 412dd6a1178a8d30db9697e3966d84a7 -> 5210529ddc67cdb852122f447527c528
  custom:scripting/monoscript/fileName/Deserializer.cs: 5a795d9395ad7e35e14ed6e294af204a -> 1cc72e9ed2428cc6d6ce2d4d2ad7b02b
  custom:scripting/monoscript/fileName/ExceptionEventArgs.cs: e02709200f0b16494a1611966a13889c -> 27cb4c00a4137b184e01164606c88685
  custom:container-muxer-webm: aa71ff27fc2769a1b78a27578f13a17b -> 
  custom:scripting/monoscript/fileName/TestRunnerCallbacks.cs: 3af5d6a10f138e57c289f4f7d34ae28c -> 5627cb9f4ed769fba607b0cab8e9e63d
  custom:scripting/monoscript/fileName/UsageUtility.cs: 8b1af87d43264a213340a26d31d1dfd4 -> 5ed3d13206b2b96245ce59a5c83beed1
  custom:CustomObjectIndexerAttribute: 756ad292c208cfabdd7b50bc23989ffe -> 
  custom:container-demuxer-webm: 4f35f7cbe854078d1ac9338744f61a02 -> 
  custom:scripting/monoscript/fileName/FileIOProvider.cs: 1ce0476a672b5b71a81d6ee006010383 -> 304525d180d2b661ce338fc8a3225752
  custom:scripting/monoscript/fileName/SolutionProperties.cs: e56a3118082c5b341d1dc42cac5ce89b -> ab8751e49ae2f3d9994444a0a38619bd
  custom:scripting/monoscript/fileName/TestRunnerApiListener.cs: 6c187faf0bd0f433a681c31e7512bd7e -> cc17cec8825a8f933d6ecbd68d51f1de
========================================================================
Received Import Request.
  Time since last request: 1022.472520 seconds.
  path: Assets/SunnyLand Artwork/Sprites/Fx/enemy-death/enemy-death-2.png
  artifactKey: Guid(1c8013ef5a0c147a5a059fde439f12b6) Importer(815301076,1909f56bfc062723c751e8b465ee728b)
Start importing Assets/SunnyLand Artwork/Sprites/Fx/enemy-death/enemy-death-2.png using Guid(1c8013ef5a0c147a5a059fde439f12b6) Importer(815301076,1909f56bfc062723c751e8b465ee728b)  -> (artifact id: 'c1d74518813ff28ca25cb0de1df39fd1') in 0.085661 seconds
Number of updated asset objects reloaded before import = 0
Number of asset objects unloaded after import = 3
========================================================================
Received Import Request.
  Time since last request: 0.000028 seconds.
  path: Assets/SunnyLand Artwork/Sprites/Fx/enemy-death/enemy-death-6.png
  artifactKey: Guid(f2065fb3797f1427aa8b3fc04af35e35) Importer(815301076,1909f56bfc062723c751e8b465ee728b)
Start importing Assets/SunnyLand Artwork/Sprites/Fx/enemy-death/enemy-death-6.png using Guid(f2065fb3797f1427aa8b3fc04af35e35) Importer(815301076,1909f56bfc062723c751e8b465ee728b)  -> (artifact id: '19e8f852b1292862649d21be1d5d6b50') in 0.007510 seconds
Number of updated asset objects reloaded before import = 0
Number of asset objects unloaded after import = 3
========================================================================
Received Import Request.
  Time since last request: 0.000028 seconds.
  path: Assets/SunnyLand Artwork/Sprites/Fx/enemy-death/enemy-death-4.png
  artifactKey: Guid(662dde2f5e71c4d47aadb2a90334c7c8) Importer(815301076,1909f56bfc062723c751e8b465ee728b)
Start importing Assets/SunnyLand Artwork/Sprites/Fx/enemy-death/enemy-death-4.png using Guid(662dde2f5e71c4d47aadb2a90334c7c8) Importer(815301076,1909f56bfc062723c751e8b465ee728b)  -> (artifact id: '2f80a6e1636f6b51e45a3d56964d59be') in 0.007595 seconds
Number of updated asset objects reloaded before import = 0
Number of asset objects unloaded after import = 3
========================================================================
Received Import Request.
  Time since last request: 6.695322 seconds.
  path: Assets/SunnyLand Artwork/Music tracks/Maniac.ogg
  artifactKey: Guid(596e0f53d0760684897f73aa6d85324a) Importer(815301076,1909f56bfc062723c751e8b465ee728b)
Start importing Assets/SunnyLand Artwork/Music tracks/Maniac.ogg using Guid(596e0f53d0760684897f73aa6d85324a) Importer(815301076,1909f56bfc062723c751e8b465ee728b)  -> (artifact id: 'a5d0e7a0658f7ea1211f606192a8c866') in 0.294896 seconds
Number of updated asset objects reloaded before import = 0
Number of asset objects unloaded after import = 2
========================================================================
Received Import Request.
  Time since last request: 2.394525 seconds.
  path: Assets/SunnyLand Artwork/Environment/props/block-big.png
  artifactKey: Guid(5bccf13ce09bd43e39c1c3416d5de92c) Importer(815301076,1909f56bfc062723c751e8b465ee728b)
Start importing Assets/SunnyLand Artwork/Environment/props/block-big.png using Guid(5bccf13ce09bd43e39c1c3416d5de92c) Importer(815301076,1909f56bfc062723c751e8b465ee728b)  -> (artifact id: '9891406a5d81a38be9d070029781d211') in 0.025011 seconds
Number of updated asset objects reloaded before import = 0
Number of asset objects unloaded after import = 3
========================================================================
Received Import Request.
  Time since last request: 0.000135 seconds.
  path: Assets/SunnyLand Artwork/Environment/props/spike-skull.png
  artifactKey: Guid(a225befe4953547da8c4133e5d585029) Importer(815301076,1909f56bfc062723c751e8b465ee728b)
Start importing Assets/SunnyLand Artwork/Environment/props/spike-skull.png using Guid(a225befe4953547da8c4133e5d585029) Importer(815301076,1909f56bfc062723c751e8b465ee728b)  -> (artifact id: '29ddd5bedef365a3bc31aff6eae319d1') in 0.011091 seconds
Number of updated asset objects reloaded before import = 0
Number of asset objects unloaded after import = 3
========================================================================
Received Import Request.
  Time since last request: 0.000020 seconds.
  path: Assets/SunnyLand Artwork/Environment/props/tree-2.png
  artifactKey: Guid(bce2d1c9ca0475e4cb876c354b7b0121) Importer(815301076,1909f56bfc062723c751e8b465ee728b)
Start importing Assets/SunnyLand Artwork/Environment/props/tree-2.png using Guid(bce2d1c9ca0475e4cb876c354b7b0121) Importer(815301076,1909f56bfc062723c751e8b465ee728b)  -> (artifact id: 'ed672d44bf4ab33260708294b11b5a9e') in 0.012909 seconds
Number of updated asset objects reloaded before import = 0
Number of asset objects unloaded after import = 3
========================================================================
Received Import Request.
  Time since last request: 0.000022 seconds.
  path: Assets/SunnyLand Artwork/Environment/props/platform-long.png
  artifactKey: Guid(15fdc3c0ac15e4a62b3f968392db8b58) Importer(815301076,1909f56bfc062723c751e8b465ee728b)
Start importing Assets/SunnyLand Artwork/Environment/props/platform-long.png using Guid(15fdc3c0ac15e4a62b3f968392db8b58) Importer(815301076,1909f56bfc062723c751e8b465ee728b)  -> (artifact id: '3d195dd040a4f10111007905fbc81406') in 0.010188 seconds
Number of updated asset objects reloaded before import = 0
Number of asset objects unloaded after import = 3
========================================================================
Received Import Request.
  Time since last request: 0.000021 seconds.
  path: Assets/SunnyLand Artwork/Environment/props/wooden-house.png
  artifactKey: Guid(81dd090b36d240b4a9abef020ad7dcd4) Importer(815301076,1909f56bfc062723c751e8b465ee728b)
Start importing Assets/SunnyLand Artwork/Environment/props/wooden-house.png using Guid(81dd090b36d240b4a9abef020ad7dcd4) Importer(815301076,1909f56bfc062723c751e8b465ee728b)  -> (artifact id: '1975486a314e64b25356a794a55fa29e') in 0.013521 seconds
Number of updated asset objects reloaded before import = 0
Number of asset objects unloaded after import = 3
========================================================================
Received Import Request.
  Time since last request: 0.000020 seconds.
  path: Assets/SunnyLand Artwork/Environment/props/plant-house.png
  artifactKey: Guid(4aadbdeb8a80c664a8fd117c907b5f3f) Importer(815301076,1909f56bfc062723c751e8b465ee728b)
Start importing Assets/SunnyLand Artwork/Environment/props/plant-house.png using Guid(4aadbdeb8a80c664a8fd117c907b5f3f) Importer(815301076,1909f56bfc062723c751e8b465ee728b)  -> (artifact id: 'cdd213279fb50971c14ecfaa52ad70c7') in 0.010030 seconds
Number of updated asset objects reloaded before import = 0
Number of asset objects unloaded after import = 3
========================================================================
Received Import Request.
  Time since last request: 0.000023 seconds.
  path: Assets/SunnyLand Artwork/Environment/props/skulls.png
  artifactKey: Guid(a86fabb3151544d25b4310ff397f732a) Importer(815301076,1909f56bfc062723c751e8b465ee728b)
Start importing Assets/SunnyLand Artwork/Environment/props/skulls.png using Guid(a86fabb3151544d25b4310ff397f732a) Importer(815301076,1909f56bfc062723c751e8b465ee728b)  -> (artifact id: '92ca5c80c64060ecc98186ed6581c013') in 0.010395 seconds
Number of updated asset objects reloaded before import = 0
Number of asset objects unloaded after import = 3
========================================================================
Received Import Request.
  Time since last request: 0.000033 seconds.
  path: Assets/SunnyLand Artwork/Environment/props/straw-house.png
  artifactKey: Guid(5001f9f26a272e74fa435bb63818b664) Importer(815301076,1909f56bfc062723c751e8b465ee728b)
Start importing Assets/SunnyLand Artwork/Environment/props/straw-house.png using Guid(5001f9f26a272e74fa435bb63818b664) Importer(815301076,1909f56bfc062723c751e8b465ee728b)  -> (artifact id: '6b79854abbe0de427b3272131e8ab96b') in 0.010695 seconds
Number of updated asset objects reloaded before import = 0
Number of asset objects unloaded after import = 3
========================================================================
Received Import Request.
  Time since last request: 0.000019 seconds.
  path: Assets/SunnyLand Artwork/Environment/props/crank-up.png
  artifactKey: Guid(441a2d89600064d4d9ced045b19d0ae6) Importer(815301076,1909f56bfc062723c751e8b465ee728b)
Start importing Assets/SunnyLand Artwork/Environment/props/crank-up.png using Guid(441a2d89600064d4d9ced045b19d0ae6) Importer(815301076,1909f56bfc062723c751e8b465ee728b)  -> (artifact id: '9ed33a2c307d52ccad2e74314b86028e') in 0.009250 seconds
Number of updated asset objects reloaded before import = 0
Number of asset objects unloaded after import = 3
========================================================================
Received Import Request.
  Time since last request: 2.957409 seconds.
  path: Assets/SunnyLand Artwork/Environment/Tileset/tileset-sliced_0.asset
  artifactKey: Guid(bb3520a55781a954abe89b92bcdc313f) Importer(815301076,1909f56bfc062723c751e8b465ee728b)
Start importing Assets/SunnyLand Artwork/Environment/Tileset/tileset-sliced_0.asset using Guid(bb3520a55781a954abe89b92bcdc313f) Importer(815301076,1909f56bfc062723c751e8b465ee728b)  -> (artifact id: '0e19ecbf6f18364a68ebc127f841e1b5') in 0.018743 seconds
Number of updated asset objects reloaded before import = 0
Number of asset objects unloaded after import = 3
========================================================================
Received Import Request.
  Time since last request: 0.000021 seconds.
  path: Assets/SunnyLand Artwork/Environment/Tileset/tileset-sliced_63.asset
  artifactKey: Guid(772edceb43b2f0543ab7be0cc5f7851a) Importer(815301076,1909f56bfc062723c751e8b465ee728b)
Start importing Assets/SunnyLand Artwork/Environment/Tileset/tileset-sliced_63.asset using Guid(772edceb43b2f0543ab7be0cc5f7851a) Importer(815301076,1909f56bfc062723c751e8b465ee728b)  -> (artifact id: '69ee81de94b7694238b6a45eca942ae1') in 0.005199 seconds
Number of updated asset objects reloaded before import = 0
Number of asset objects unloaded after import = 3
========================================================================
Received Import Request.
  Time since last request: 0.000019 seconds.
  path: Assets/SunnyLand Artwork/Environment/Tileset/tileset-sliced_20.asset
  artifactKey: Guid(bf52b14d19901034bbb8f9bc58d03e32) Importer(815301076,1909f56bfc062723c751e8b465ee728b)
Start importing Assets/SunnyLand Artwork/Environment/Tileset/tileset-sliced_20.asset using Guid(bf52b14d19901034bbb8f9bc58d03e32) Importer(815301076,1909f56bfc062723c751e8b465ee728b)  -> (artifact id: '9ea77670cb33200474c4479d6a6d9258') in 0.006647 seconds
Number of updated asset objects reloaded before import = 0
Number of asset objects unloaded after import = 3
========================================================================
Received Import Request.
  Time since last request: 0.000022 seconds.
  path: Assets/SunnyLand Artwork/Environment/Tileset/tileset-sliced_6.asset
  artifactKey: Guid(86c556afa3a132048b03b316efc9f897) Importer(815301076,1909f56bfc062723c751e8b465ee728b)
Start importing Assets/SunnyLand Artwork/Environment/Tileset/tileset-sliced_6.asset using Guid(86c556afa3a132048b03b316efc9f897) Importer(815301076,1909f56bfc062723c751e8b465ee728b)  -> (artifact id: 'd06c3901b738fcee6e8b895f8f60b4b2') in 0.007851 seconds
Number of updated asset objects reloaded before import = 0
Number of asset objects unloaded after import = 3
========================================================================
Received Import Request.
  Time since last request: 0.000019 seconds.
  path: Assets/SunnyLand Artwork/Environment/Tileset/tileset-sliced_74.asset
  artifactKey: Guid(c6552e41282d9554087c672319895a4e) Importer(815301076,1909f56bfc062723c751e8b465ee728b)
Start importing Assets/SunnyLand Artwork/Environment/Tileset/tileset-sliced_74.asset using Guid(c6552e41282d9554087c672319895a4e) Importer(815301076,1909f56bfc062723c751e8b465ee728b)  -> (artifact id: '3b5f63c0f1b808d62cb190754c29452a') in 0.006414 seconds
Number of updated asset objects reloaded before import = 0
Number of asset objects unloaded after import = 3
========================================================================
Received Import Request.
  Time since last request: 0.000022 seconds.
  path: Assets/SunnyLand Artwork/Environment/Tileset/tileset-sliced_67.asset
  artifactKey: Guid(119c502018dad434bbdccc32e76491e8) Importer(815301076,1909f56bfc062723c751e8b465ee728b)
Start importing Assets/SunnyLand Artwork/Environment/Tileset/tileset-sliced_67.asset using Guid(119c502018dad434bbdccc32e76491e8) Importer(815301076,1909f56bfc062723c751e8b465ee728b)  -> (artifact id: '53c6afc63dbf580681105cfdc4b484b1') in 0.006036 seconds
Number of updated asset objects reloaded before import = 0
Number of asset objects unloaded after import = 3
========================================================================
Received Import Request.
  Time since last request: 0.000018 seconds.
  path: Assets/SunnyLand Artwork/Environment/Tileset/tileset-sliced_32.asset
  artifactKey: Guid(cae9a8360392bfd49b13e8cbe579bf85) Importer(815301076,1909f56bfc062723c751e8b465ee728b)
Start importing Assets/SunnyLand Artwork/Environment/Tileset/tileset-sliced_32.asset using Guid(cae9a8360392bfd49b13e8cbe579bf85) Importer(815301076,1909f56bfc062723c751e8b465ee728b)  -> (artifact id: 'f3c87c9d14c5ce02d9f16ade2ce49c20') in 0.007118 seconds
Number of updated asset objects reloaded before import = 0
Number of asset objects unloaded after import = 3
========================================================================
Received Import Request.
  Time since last request: 0.000019 seconds.
  path: Assets/SunnyLand Artwork/Environment/Tileset/tileset-sliced_47.asset
  artifactKey: Guid(6267d21089f75674e8925b33d103c902) Importer(815301076,1909f56bfc062723c751e8b465ee728b)
Start importing Assets/SunnyLand Artwork/Environment/Tileset/tileset-sliced_47.asset using Guid(6267d21089f75674e8925b33d103c902) Importer(815301076,1909f56bfc062723c751e8b465ee728b)  -> (artifact id: '672ccc15100875e62deedc5779ce8926') in 0.010027 seconds
Number of updated asset objects reloaded before import = 0
Number of asset objects unloaded after import = 3
========================================================================
Received Import Request.
  Time since last request: 0.000020 seconds.
  path: Assets/SunnyLand Artwork/Environment/Tileset/tileset-sliced_65.asset
  artifactKey: Guid(fe8c6c3d73d8be340a49bfa1339236a4) Importer(815301076,1909f56bfc062723c751e8b465ee728b)
Start importing Assets/SunnyLand Artwork/Environment/Tileset/tileset-sliced_65.asset using Guid(fe8c6c3d73d8be340a49bfa1339236a4) Importer(815301076,1909f56bfc062723c751e8b465ee728b)  -> (artifact id: '687a7eee083ae908b0430ee743fd0685') in 0.016562 seconds
Number of updated asset objects reloaded before import = 0
Number of asset objects unloaded after import = 3
========================================================================
Received Import Request.
  Time since last request: 0.000020 seconds.
  path: Assets/SunnyLand Artwork/Environment/Tileset/tileset-sliced_72.asset
  artifactKey: Guid(74bcfd18541b84f49a56abbee0b62b83) Importer(815301076,1909f56bfc062723c751e8b465ee728b)
Start importing Assets/SunnyLand Artwork/Environment/Tileset/tileset-sliced_72.asset using Guid(74bcfd18541b84f49a56abbee0b62b83) Importer(815301076,1909f56bfc062723c751e8b465ee728b)  -> (artifact id: 'd4285420b2fda81c7eb2590f1e28e0e6') in 0.005679 seconds
Number of updated asset objects reloaded before import = 0
Number of asset objects unloaded after import = 3
========================================================================
Received Import Request.
  Time since last request: 0.000018 seconds.
  path: Assets/SunnyLand Artwork/Environment/Tileset/tileset-sliced_5.asset
  artifactKey: Guid(3fd0542d8cef4f94ca67fc667908bbb7) Importer(815301076,1909f56bfc062723c751e8b465ee728b)
Start importing Assets/SunnyLand Artwork/Environment/Tileset/tileset-sliced_5.asset using Guid(3fd0542d8cef4f94ca67fc667908bbb7) Importer(815301076,1909f56bfc062723c751e8b465ee728b)  -> (artifact id: '9a12e0188fac9c3a4f1d08bb86fbad93') in 0.010107 seconds
Number of updated asset objects reloaded before import = 0
Number of asset objects unloaded after import = 3
========================================================================
Received Import Request.
  Time since last request: 0.000021 seconds.
  path: Assets/SunnyLand Artwork/Environment/Tileset/tileset-sliced_25.asset
  artifactKey: Guid(0e4d7fffb7e9c434c9dad1d562df3bdf) Importer(815301076,1909f56bfc062723c751e8b465ee728b)
Start importing Assets/SunnyLand Artwork/Environment/Tileset/tileset-sliced_25.asset using Guid(0e4d7fffb7e9c434c9dad1d562df3bdf) Importer(815301076,1909f56bfc062723c751e8b465ee728b)  -> (artifact id: 'fb9e875d59001fc7e59ccd96023da5f6') in 0.012839 seconds
Number of updated asset objects reloaded before import = 0
Number of asset objects unloaded after import = 3
========================================================================
Received Import Request.
  Time since last request: 0.000023 seconds.
  path: Assets/SunnyLand Artwork/Environment/Tileset/tileset-sliced_35.asset
  artifactKey: Guid(d497bb3d933aaad4b90a7c77e66b856a) Importer(815301076,1909f56bfc062723c751e8b465ee728b)
Start importing Assets/SunnyLand Artwork/Environment/Tileset/tileset-sliced_35.asset using Guid(d497bb3d933aaad4b90a7c77e66b856a) Importer(815301076,1909f56bfc062723c751e8b465ee728b)  -> (artifact id: 'a899a6cbd222a58d9765d6971f977f9e') in 0.015602 seconds
Number of updated asset objects reloaded before import = 0
Number of asset objects unloaded after import = 3
========================================================================
Received Import Request.
  Time since last request: 0.000023 seconds.
  path: Assets/SunnyLand Artwork/Environment/Tileset/tileset-sliced_45.asset
  artifactKey: Guid(6232d16a90f135d4ea368d5e8b34b4a3) Importer(815301076,1909f56bfc062723c751e8b465ee728b)
Start importing Assets/SunnyLand Artwork/Environment/Tileset/tileset-sliced_45.asset using Guid(6232d16a90f135d4ea368d5e8b34b4a3) Importer(815301076,1909f56bfc062723c751e8b465ee728b)  -> (artifact id: '7f54f2b1845a8a36f232aeeef0942c58') in 0.004370 seconds
Number of updated asset objects reloaded before import = 0
Number of asset objects unloaded after import = 3
========================================================================
Received Import Request.
  Time since last request: 0.000018 seconds.
  path: Assets/SunnyLand Artwork/Environment/Tileset/tileset-sliced_19.asset
  artifactKey: Guid(e7347a6ca6d80754a80ca305ccabfeb6) Importer(815301076,1909f56bfc062723c751e8b465ee728b)
Start importing Assets/SunnyLand Artwork/Environment/Tileset/tileset-sliced_19.asset using Guid(e7347a6ca6d80754a80ca305ccabfeb6) Importer(815301076,1909f56bfc062723c751e8b465ee728b)  -> (artifact id: '6a0540ba984ba51355ed43acfbbc7959') in 0.011101 seconds
Number of updated asset objects reloaded before import = 0
Number of asset objects unloaded after import = 3
========================================================================
Received Import Request.
  Time since last request: 0.000020 seconds.
  path: Assets/SunnyLand Artwork/Environment/Tileset/tileset-sliced_69.asset
  artifactKey: Guid(e185933dd07e3b04c9f1b9bccde48919) Importer(815301076,1909f56bfc062723c751e8b465ee728b)
Start importing Assets/SunnyLand Artwork/Environment/Tileset/tileset-sliced_69.asset using Guid(e185933dd07e3b04c9f1b9bccde48919) Importer(815301076,1909f56bfc062723c751e8b465ee728b)  -> (artifact id: 'fbe275b8c067aac23f573227143e87bf') in 0.006362 seconds
Number of updated asset objects reloaded before import = 0
Number of asset objects unloaded after import = 3
========================================================================
Received Import Request.
  Time since last request: 0.000023 seconds.
  path: Assets/SunnyLand Artwork/Environment/Tileset/tileset-sliced_59.asset
  artifactKey: Guid(816cd67d36b9e13408f323bcf7d82ebe) Importer(815301076,1909f56bfc062723c751e8b465ee728b)
Start importing Assets/SunnyLand Artwork/Environment/Tileset/tileset-sliced_59.asset using Guid(816cd67d36b9e13408f323bcf7d82ebe) Importer(815301076,1909f56bfc062723c751e8b465ee728b)  -> (artifact id: '7387dab8356248a89a6053aa5248da96') in 0.005901 seconds
Number of updated asset objects reloaded before import = 0
Number of asset objects unloaded after import = 3
========================================================================
Received Import Request.
  Time since last request: 0.000019 seconds.
  path: Assets/SunnyLand Artwork/Environment/Tileset/tileset-sliced_24.asset
  artifactKey: Guid(c541c54721a16c2469f4cc6e8d48c303) Importer(815301076,1909f56bfc062723c751e8b465ee728b)
Start importing Assets/SunnyLand Artwork/Environment/Tileset/tileset-sliced_24.asset using Guid(c541c54721a16c2469f4cc6e8d48c303) Importer(815301076,1909f56bfc062723c751e8b465ee728b)  -> (artifact id: 'f1fc2bdaf3c975bb3a3e7a5f50bf6214') in 0.005461 seconds
Number of updated asset objects reloaded before import = 0
Number of asset objects unloaded after import = 3
========================================================================
Received Import Request.
  Time since last request: 0.000020 seconds.
  path: Assets/SunnyLand Artwork/Environment/Tileset/tileset-sliced_3.asset
  artifactKey: Guid(a0b280c02cbfffe4084f4722ed26afcc) Importer(815301076,1909f56bfc062723c751e8b465ee728b)
Start importing Assets/SunnyLand Artwork/Environment/Tileset/tileset-sliced_3.asset using Guid(a0b280c02cbfffe4084f4722ed26afcc) Importer(815301076,1909f56bfc062723c751e8b465ee728b)  -> (artifact id: '344792d95958a773aa136308131b2131') in 0.004162 seconds
Number of updated asset objects reloaded before import = 0
Number of asset objects unloaded after import = 3
========================================================================
Received Import Request.
  Time since last request: 0.000020 seconds.
  path: Assets/SunnyLand Artwork/Environment/Tileset/tileset-sliced_57.asset
  artifactKey: Guid(85936b914a1f6db4abe8b90aee8c2e20) Importer(815301076,1909f56bfc062723c751e8b465ee728b)
Start importing Assets/SunnyLand Artwork/Environment/Tileset/tileset-sliced_57.asset using Guid(85936b914a1f6db4abe8b90aee8c2e20) Importer(815301076,1909f56bfc062723c751e8b465ee728b)  -> (artifact id: '2add827f6bc8ce7d734149daaa95fa91') in 0.004915 seconds
Number of updated asset objects reloaded before import = 0
Number of asset objects unloaded after import = 3
========================================================================
Received Import Request.
  Time since last request: 0.000020 seconds.
  path: Assets/SunnyLand Artwork/Environment/Tileset/tileset-sliced_49.asset
  artifactKey: Guid(5ea81004fce0b8c43b0827f2a8fe1a17) Importer(815301076,1909f56bfc062723c751e8b465ee728b)
Start importing Assets/SunnyLand Artwork/Environment/Tileset/tileset-sliced_49.asset using Guid(5ea81004fce0b8c43b0827f2a8fe1a17) Importer(815301076,1909f56bfc062723c751e8b465ee728b)  -> (artifact id: '271217ee2b32d5d5433be028691e9f15') in 0.005169 seconds
Number of updated asset objects reloaded before import = 0
Number of asset objects unloaded after import = 3
========================================================================
Received Import Request.
  Time since last request: 0.000019 seconds.
  path: Assets/SunnyLand Artwork/Environment/Tileset/tileset-sliced_75.asset
  artifactKey: Guid(980de823f08f5c8429c5090bd39089aa) Importer(815301076,1909f56bfc062723c751e8b465ee728b)
Start importing Assets/SunnyLand Artwork/Environment/Tileset/tileset-sliced_75.asset using Guid(980de823f08f5c8429c5090bd39089aa) Importer(815301076,1909f56bfc062723c751e8b465ee728b)  -> (artifact id: '3c22af32cf16b18e4b78649bbd54d0f1') in 0.005155 seconds
Number of updated asset objects reloaded before import = 0
Number of asset objects unloaded after import = 3
========================================================================
Received Import Request.
  Time since last request: 0.000023 seconds.
  path: Assets/SunnyLand Artwork/Environment/Tileset/tileset-sliced_27.asset
  artifactKey: Guid(ff6971726c1dd6f44b2d1531b2fc58e2) Importer(815301076,1909f56bfc062723c751e8b465ee728b)
Start importing Assets/SunnyLand Artwork/Environment/Tileset/tileset-sliced_27.asset using Guid(ff6971726c1dd6f44b2d1531b2fc58e2) Importer(815301076,1909f56bfc062723c751e8b465ee728b)  -> (artifact id: 'fc8636c2f00557b6af41a49e564ded50') in 0.005520 seconds
Number of updated asset objects reloaded before import = 0
Number of asset objects unloaded after import = 3
========================================================================
Received Import Request.
  Time since last request: 0.000020 seconds.
  path: Assets/SunnyLand Artwork/Environment/Tileset/tileset-sliced_8.asset
  artifactKey: Guid(d8dc96555df42e94dba565eae3e3e30d) Importer(815301076,1909f56bfc062723c751e8b465ee728b)
Start importing Assets/SunnyLand Artwork/Environment/Tileset/tileset-sliced_8.asset using Guid(d8dc96555df42e94dba565eae3e3e30d) Importer(815301076,1909f56bfc062723c751e8b465ee728b)  -> (artifact id: '7c39e32260063847df1857d0ad84fdd6') in 0.004848 seconds
Number of updated asset objects reloaded before import = 0
Number of asset objects unloaded after import = 3
========================================================================
Received Import Request.
  Time since last request: 0.000022 seconds.
  path: Assets/SunnyLand Artwork/Environment/Tileset/tileset-sliced_38.asset
  artifactKey: Guid(897eed2c71ed45749b27f38e360b92fc) Importer(815301076,1909f56bfc062723c751e8b465ee728b)
Start importing Assets/SunnyLand Artwork/Environment/Tileset/tileset-sliced_38.asset using Guid(897eed2c71ed45749b27f38e360b92fc) Importer(815301076,1909f56bfc062723c751e8b465ee728b)  -> (artifact id: 'df996676b31e19b3ca37ec16bc79d0f7') in 0.006263 seconds
Number of updated asset objects reloaded before import = 0
Number of asset objects unloaded after import = 3
========================================================================
Received Import Request.
  Time since last request: 0.000024 seconds.
  path: Assets/SunnyLand Artwork/Environment/Tileset/tileset-sliced_54.asset
  artifactKey: Guid(c2ee9b794942d86438549fd521ed5c44) Importer(815301076,1909f56bfc062723c751e8b465ee728b)
Start importing Assets/SunnyLand Artwork/Environment/Tileset/tileset-sliced_54.asset using Guid(c2ee9b794942d86438549fd521ed5c44) Importer(815301076,1909f56bfc062723c751e8b465ee728b)  -> (artifact id: 'c7ff32108c2ebb5b506578371ed30834') in 0.004602 seconds
Number of updated asset objects reloaded before import = 0
Number of asset objects unloaded after import = 3
========================================================================
Received Import Request.
  Time since last request: 0.000020 seconds.
  path: Assets/SunnyLand Artwork/Environment/Tileset/tileset-sliced_71.asset
  artifactKey: Guid(c2b6e1875fa9c10419f6f334f9b8183c) Importer(815301076,1909f56bfc062723c751e8b465ee728b)
Start importing Assets/SunnyLand Artwork/Environment/Tileset/tileset-sliced_71.asset using Guid(c2b6e1875fa9c10419f6f334f9b8183c) Importer(815301076,1909f56bfc062723c751e8b465ee728b)  -> (artifact id: '924e4d91f07267fe3f511161297df94b') in 0.004867 seconds
Number of updated asset objects reloaded before import = 0
Number of asset objects unloaded after import = 3
========================================================================
Received Import Request.
  Time since last request: 0.000015 seconds.
  path: Assets/SunnyLand Artwork/Environment/Tileset/tileset-sliced_12.asset
  artifactKey: Guid(441afb49a6a3c8e41820d8d218442054) Importer(815301076,1909f56bfc062723c751e8b465ee728b)
Start importing Assets/SunnyLand Artwork/Environment/Tileset/tileset-sliced_12.asset using Guid(441afb49a6a3c8e41820d8d218442054) Importer(815301076,1909f56bfc062723c751e8b465ee728b)  -> (artifact id: 'f56b71ffddc541b41e9893af6416a4f1') in 0.005819 seconds
Number of updated asset objects reloaded before import = 0
Number of asset objects unloaded after import = 3
========================================================================
Received Import Request.
  Time since last request: 0.000021 seconds.
  path: Assets/SunnyLand Artwork/Environment/Tileset/tileset-sliced_21.asset
  artifactKey: Guid(b02df6a39c3c60445993c5f9235b37e3) Importer(815301076,1909f56bfc062723c751e8b465ee728b)
Start importing Assets/SunnyLand Artwork/Environment/Tileset/tileset-sliced_21.asset using Guid(b02df6a39c3c60445993c5f9235b37e3) Importer(815301076,1909f56bfc062723c751e8b465ee728b)  -> (artifact id: '381d38c97eab771917981600a5d59f0f') in 0.007122 seconds
Number of updated asset objects reloaded before import = 0
Number of asset objects unloaded after import = 3
========================================================================
Received Import Request.
  Time since last request: 0.000015 seconds.
  path: Assets/SunnyLand Artwork/Environment/Tileset/tileset-sliced_46.asset
  artifactKey: Guid(5e855e640d9e0ab4fa89e9bea8dc30de) Importer(815301076,1909f56bfc062723c751e8b465ee728b)
Start importing Assets/SunnyLand Artwork/Environment/Tileset/tileset-sliced_46.asset using Guid(5e855e640d9e0ab4fa89e9bea8dc30de) Importer(815301076,1909f56bfc062723c751e8b465ee728b)  -> (artifact id: '15bd6a9095fd175cf7aa4bad75d22416') in 0.005198 seconds
Number of updated asset objects reloaded before import = 0
Number of asset objects unloaded after import = 3
========================================================================
Received Import Request.
  Time since last request: 0.000021 seconds.
  path: Assets/SunnyLand Artwork/Environment/Tileset/tileset-sliced_66.asset
  artifactKey: Guid(0e47bc3f4f4fa6842bcc126de133fd67) Importer(815301076,1909f56bfc062723c751e8b465ee728b)
Start importing Assets/SunnyLand Artwork/Environment/Tileset/tileset-sliced_66.asset using Guid(0e47bc3f4f4fa6842bcc126de133fd67) Importer(815301076,1909f56bfc062723c751e8b465ee728b)  -> (artifact id: '9fcc6f3223365fdc173520b8b50863ba') in 0.004416 seconds
Number of updated asset objects reloaded before import = 0
Number of asset objects unloaded after import = 3
========================================================================
Received Import Request.
  Time since last request: 0.000019 seconds.
  path: Assets/SunnyLand Artwork/Environment/Tileset/tileset-sliced_37.asset
  artifactKey: Guid(0db47fab51e28614f89faface3c7e766) Importer(815301076,1909f56bfc062723c751e8b465ee728b)
Start importing Assets/SunnyLand Artwork/Environment/Tileset/tileset-sliced_37.asset using Guid(0db47fab51e28614f89faface3c7e766) Importer(815301076,1909f56bfc062723c751e8b465ee728b)  -> (artifact id: '95fabb9ca88e3cf34353468d365fff30') in 0.005169 seconds
Number of updated asset objects reloaded before import = 0
Number of asset objects unloaded after import = 3
========================================================================
Received Import Request.
  Time since last request: 0.000018 seconds.
  path: Assets/SunnyLand Artwork/Environment/Tileset/tileset-sliced_4.asset
  artifactKey: Guid(54b92458ba807204c9bec304cecbc5f8) Importer(815301076,1909f56bfc062723c751e8b465ee728b)
Start importing Assets/SunnyLand Artwork/Environment/Tileset/tileset-sliced_4.asset using Guid(54b92458ba807204c9bec304cecbc5f8) Importer(815301076,1909f56bfc062723c751e8b465ee728b)  -> (artifact id: '2c2ecf760f3fdde5934d9f2390fc540f') in 0.004351 seconds
Number of updated asset objects reloaded before import = 0
Number of asset objects unloaded after import = 3
========================================================================
Received Import Request.
  Time since last request: 0.000015 seconds.
  path: Assets/SunnyLand Artwork/Environment/Tileset/tileset-sliced_50.asset
  artifactKey: Guid(5e5eaf71b365a1f4bb567388ab72640a) Importer(815301076,1909f56bfc062723c751e8b465ee728b)
Start importing Assets/SunnyLand Artwork/Environment/Tileset/tileset-sliced_50.asset using Guid(5e5eaf71b365a1f4bb567388ab72640a) Importer(815301076,1909f56bfc062723c751e8b465ee728b)  -> (artifact id: '19379f5a5bf87675e61a4a606c13370c') in 0.006774 seconds
Number of updated asset objects reloaded before import = 0
Number of asset objects unloaded after import = 3
========================================================================
Received Import Request.
  Time since last request: 0.000022 seconds.
  path: Assets/SunnyLand Artwork/Environment/Tileset/tileset-sliced_44.asset
  artifactKey: Guid(df5b1426695aee246b7d196f56e559a4) Importer(815301076,1909f56bfc062723c751e8b465ee728b)
Start importing Assets/SunnyLand Artwork/Environment/Tileset/tileset-sliced_44.asset using Guid(df5b1426695aee246b7d196f56e559a4) Importer(815301076,1909f56bfc062723c751e8b465ee728b)  -> (artifact id: 'd0000186abccc17059ea34255dbd25f0') in 0.004466 seconds
Number of updated asset objects reloaded before import = 0
Number of asset objects unloaded after import = 3
========================================================================
Received Import Request.
  Time since last request: 0.000015 seconds.
  path: Assets/SunnyLand Artwork/Environment/Tileset/tileset-sliced_58.asset
  artifactKey: Guid(26a3ae836e2b82e43847066439abedc6) Importer(815301076,1909f56bfc062723c751e8b465ee728b)
Start importing Assets/SunnyLand Artwork/Environment/Tileset/tileset-sliced_58.asset using Guid(26a3ae836e2b82e43847066439abedc6) Importer(815301076,1909f56bfc062723c751e8b465ee728b)  -> (artifact id: '7fe672fb20bbfcab5fafb903acab5994') in 0.006305 seconds
Number of updated asset objects reloaded before import = 0
Number of asset objects unloaded after import = 3
========================================================================
Received Import Request.
  Time since last request: 0.000019 seconds.
  path: Assets/SunnyLand Artwork/Environment/Tileset/tileset-sliced_26.asset
  artifactKey: Guid(5aee560c5f58ecd4da0c90ceb8da0308) Importer(815301076,1909f56bfc062723c751e8b465ee728b)
Start importing Assets/SunnyLand Artwork/Environment/Tileset/tileset-sliced_26.asset using Guid(5aee560c5f58ecd4da0c90ceb8da0308) Importer(815301076,1909f56bfc062723c751e8b465ee728b)  -> (artifact id: 'c441b73d4c86a005e66a5e62728652c2') in 0.009393 seconds
Number of updated asset objects reloaded before import = 0
Number of asset objects unloaded after import = 3
========================================================================
Received Import Request.
  Time since last request: 0.000021 seconds.
  path: Assets/SunnyLand Artwork/Environment/Tileset/tileset-sliced_36.asset
  artifactKey: Guid(db4fa6d5e47b2bb4fb72eef721796be1) Importer(815301076,1909f56bfc062723c751e8b465ee728b)
Start importing Assets/SunnyLand Artwork/Environment/Tileset/tileset-sliced_36.asset using Guid(db4fa6d5e47b2bb4fb72eef721796be1) Importer(815301076,1909f56bfc062723c751e8b465ee728b)  -> (artifact id: '94a983dfb33b2107c32cd09ee96f96b2') in 0.007099 seconds
Number of updated asset objects reloaded before import = 0
Number of asset objects unloaded after import = 3
========================================================================
Received Import Request.
  Time since last request: 0.000017 seconds.
  path: Assets/SunnyLand Artwork/Environment/Tileset/tileset-sliced_16.asset
  artifactKey: Guid(5248c970fd9211546bd3464de6f3c51c) Importer(815301076,1909f56bfc062723c751e8b465ee728b)
Start importing Assets/SunnyLand Artwork/Environment/Tileset/tileset-sliced_16.asset using Guid(5248c970fd9211546bd3464de6f3c51c) Importer(815301076,1909f56bfc062723c751e8b465ee728b)  -> (artifact id: '1b2b10115144d064284adb87ed7d65fc') in 0.011285 seconds
Number of updated asset objects reloaded before import = 0
Number of asset objects unloaded after import = 3
========================================================================
Received Import Request.
  Time since last request: 0.000019 seconds.
  path: Assets/SunnyLand Artwork/Environment/Tileset/tileset-sliced_78.asset
  artifactKey: Guid(4d820143dabff7f48888a021fb66efe6) Importer(815301076,1909f56bfc062723c751e8b465ee728b)
Start importing Assets/SunnyLand Artwork/Environment/Tileset/tileset-sliced_78.asset using Guid(4d820143dabff7f48888a021fb66efe6) Importer(815301076,1909f56bfc062723c751e8b465ee728b)  -> (artifact id: '6a86033c318fa384f6995d6bba69d3a4') in 0.004134 seconds
Number of updated asset objects reloaded before import = 0
Number of asset objects unloaded after import = 3
========================================================================
Received Import Request.
  Time since last request: 0.000017 seconds.
  path: Assets/SunnyLand Artwork/Environment/Tileset/tileset-sliced_7.asset
  artifactKey: Guid(b7f23a79dfd6b104593150a2da274ec8) Importer(815301076,1909f56bfc062723c751e8b465ee728b)
Start importing Assets/SunnyLand Artwork/Environment/Tileset/tileset-sliced_7.asset using Guid(b7f23a79dfd6b104593150a2da274ec8) Importer(815301076,1909f56bfc062723c751e8b465ee728b)  -> (artifact id: 'e76e760751e101b5270986ed5f77a82a') in 0.004744 seconds
Number of updated asset objects reloaded before import = 0
Number of asset objects unloaded after import = 3
========================================================================
Received Import Request.
  Time since last request: 0.000018 seconds.
  path: Assets/SunnyLand Artwork/Environment/Tileset/tileset-sliced_40.asset
  artifactKey: Guid(0403385aea9241d4f905978063b5f6fa) Importer(815301076,1909f56bfc062723c751e8b465ee728b)
Start importing Assets/SunnyLand Artwork/Environment/Tileset/tileset-sliced_40.asset using Guid(0403385aea9241d4f905978063b5f6fa) Importer(815301076,1909f56bfc062723c751e8b465ee728b)  -> (artifact id: 'f6685ca73584fff8e44c19414e78b9a4') in 0.004308 seconds
Number of updated asset objects reloaded before import = 0
Number of asset objects unloaded after import = 3
========================================================================
Received Import Request.
  Time since last request: 0.000017 seconds.
  path: Assets/SunnyLand Artwork/Environment/Tileset/tileset-sliced_23.asset
  artifactKey: Guid(f507f9c2862ce4846baef785fb27a5f1) Importer(815301076,1909f56bfc062723c751e8b465ee728b)
Start importing Assets/SunnyLand Artwork/Environment/Tileset/tileset-sliced_23.asset using Guid(f507f9c2862ce4846baef785fb27a5f1) Importer(815301076,1909f56bfc062723c751e8b465ee728b)  -> (artifact id: '0d1ce5f738e4c7f5460f9ff32be702c6') in 0.005087 seconds
Number of updated asset objects reloaded before import = 0
Number of asset objects unloaded after import = 3
========================================================================
Received Import Request.
  Time since last request: 0.000018 seconds.
  path: Assets/SunnyLand Artwork/Environment/Tileset/tileset-sliced_61.asset
  artifactKey: Guid(38276c4cd23f6bb45a4df847849ceaa2) Importer(815301076,1909f56bfc062723c751e8b465ee728b)
Start importing Assets/SunnyLand Artwork/Environment/Tileset/tileset-sliced_61.asset using Guid(38276c4cd23f6bb45a4df847849ceaa2) Importer(815301076,1909f56bfc062723c751e8b465ee728b)  -> (artifact id: 'dfa78ed6924284d63b8f8174f69acaa3') in 0.005674 seconds
Number of updated asset objects reloaded before import = 0
Number of asset objects unloaded after import = 3
========================================================================
Received Import Request.
  Time since last request: 0.000018 seconds.
  path: Assets/SunnyLand Artwork/Environment/Tileset/tileset-sliced_17.asset
  artifactKey: Guid(b9344e08b64d36842b6d88a418a3aa1f) Importer(815301076,1909f56bfc062723c751e8b465ee728b)
Start importing Assets/SunnyLand Artwork/Environment/Tileset/tileset-sliced_17.asset using Guid(b9344e08b64d36842b6d88a418a3aa1f) Importer(815301076,1909f56bfc062723c751e8b465ee728b)  -> (artifact id: 'f4b1376dc68e4c25676d4bbe7cb0d9be') in 0.006423 seconds
Number of updated asset objects reloaded before import = 0
Number of asset objects unloaded after import = 3
========================================================================
Received Import Request.
  Time since last request: 0.860584 seconds.
  path: Assets/SunnyLand Artwork/Environment/Tileset/tileset-sliced_82.asset
  artifactKey: Guid(d0156377d09f6c34a85bd8fb0c0c14c1) Importer(815301076,1909f56bfc062723c751e8b465ee728b)
Start importing Assets/SunnyLand Artwork/Environment/Tileset/tileset-sliced_82.asset using Guid(d0156377d09f6c34a85bd8fb0c0c14c1) Importer(815301076,1909f56bfc062723c751e8b465ee728b)  -> (artifact id: '9f927aa94aeff88b7f69ff374ae72284') in 0.007997 seconds
Number of updated asset objects reloaded before import = 0
Number of asset objects unloaded after import = 3
========================================================================
Received Import Request.
  Time since last request: 0.000073 seconds.
  path: Assets/SunnyLand Artwork/Environment/Tileset/tileset-sliced_86.asset
  artifactKey: Guid(7bfba1e90edc16141b538fef611d9cd6) Importer(815301076,1909f56bfc062723c751e8b465ee728b)
Start importing Assets/SunnyLand Artwork/Environment/Tileset/tileset-sliced_86.asset using Guid(7bfba1e90edc16141b538fef611d9cd6) Importer(815301076,1909f56bfc062723c751e8b465ee728b)  -> (artifact id: '420bb469910831e0c7b6407f369c818b') in 0.004999 seconds
Number of updated asset objects reloaded before import = 0
Number of asset objects unloaded after import = 3
========================================================================
Received Import Request.
  Time since last request: 0.000019 seconds.
  path: Assets/SunnyLand Artwork/Environment/Tileset/tileset-sliced_85.asset
  artifactKey: Guid(6b1d8c50cc16b93438a5adc569a81b76) Importer(815301076,1909f56bfc062723c751e8b465ee728b)
Start importing Assets/SunnyLand Artwork/Environment/Tileset/tileset-sliced_85.asset using Guid(6b1d8c50cc16b93438a5adc569a81b76) Importer(815301076,1909f56bfc062723c751e8b465ee728b)  -> (artifact id: 'dd79c94e3fb0dc22dc8e72cdc4cb6f45') in 0.007746 seconds
Number of updated asset objects reloaded before import = 0
Number of asset objects unloaded after import = 3
========================================================================
Received Import Request.
  Time since last request: 0.000023 seconds.
  path: Assets/SunnyLand Artwork/Environment/Tileset/tileset-sliced_88.asset
  artifactKey: Guid(7197e56390a633d4ca0dab4b43f1b762) Importer(815301076,1909f56bfc062723c751e8b465ee728b)
Start importing Assets/SunnyLand Artwork/Environment/Tileset/tileset-sliced_88.asset using Guid(7197e56390a633d4ca0dab4b43f1b762) Importer(815301076,1909f56bfc062723c751e8b465ee728b)  -> (artifact id: 'b075d18a12b99cd6989192f139838a0a') in 0.004880 seconds
Number of updated asset objects reloaded before import = 0
Number of asset objects unloaded after import = 3
========================================================================
Received Import Request.
  Time since last request: 0.148170 seconds.
  path: Assets/SunnyLand Artwork/Environment/Tileset/tileset-sliced_98.asset
  artifactKey: Guid(4857ecee0f7f0ad4eac1bc3b74e07a97) Importer(815301076,1909f56bfc062723c751e8b465ee728b)
Start importing Assets/SunnyLand Artwork/Environment/Tileset/tileset-sliced_98.asset using Guid(4857ecee0f7f0ad4eac1bc3b74e07a97) Importer(815301076,1909f56bfc062723c751e8b465ee728b)  -> (artifact id: 'ce8f31c75940ac5bf6465480fc359fea') in 0.008091 seconds
Number of updated asset objects reloaded before import = 0
Number of asset objects unloaded after import = 3
========================================================================
Received Import Request.
  Time since last request: 0.000017 seconds.
  path: Assets/SunnyLand Artwork/Environment/Tileset/tileset-sliced_101.asset
  artifactKey: Guid(d9209c26ad7b5b2488a99ef47d768a56) Importer(815301076,1909f56bfc062723c751e8b465ee728b)
Start importing Assets/SunnyLand Artwork/Environment/Tileset/tileset-sliced_101.asset using Guid(d9209c26ad7b5b2488a99ef47d768a56) Importer(815301076,1909f56bfc062723c751e8b465ee728b)  -> (artifact id: '154d991a913537f714d1434d8df85a39') in 0.006050 seconds
Number of updated asset objects reloaded before import = 0
Number of asset objects unloaded after import = 3
========================================================================
Received Import Request.
  Time since last request: 0.000022 seconds.
  path: Assets/SunnyLand Artwork/Environment/Tileset/tileset-sliced_103.asset
  artifactKey: Guid(7646a69dd68f4ea498b5b936d64ce07f) Importer(815301076,1909f56bfc062723c751e8b465ee728b)
Start importing Assets/SunnyLand Artwork/Environment/Tileset/tileset-sliced_103.asset using Guid(7646a69dd68f4ea498b5b936d64ce07f) Importer(815301076,1909f56bfc062723c751e8b465ee728b)  -> (artifact id: '164fed9c484b7315b0e2afbca8fc4455') in 0.005025 seconds
Number of updated asset objects reloaded before import = 0
Number of asset objects unloaded after import = 3
========================================================================
Received Import Request.
  Time since last request: 6.762350 seconds.
  path: Assets/SunnyLand Artwork/Environment/Tileset/tileset-sliced_114.asset
  artifactKey: Guid(6618f48f6179dd44fa6025c6a5c33e18) Importer(815301076,1909f56bfc062723c751e8b465ee728b)
Start importing Assets/SunnyLand Artwork/Environment/Tileset/tileset-sliced_114.asset using Guid(6618f48f6179dd44fa6025c6a5c33e18) Importer(815301076,1909f56bfc062723c751e8b465ee728b)  -> (artifact id: '86627fb80d8086516cbcb5c20459ed4f') in 0.009928 seconds
Number of updated asset objects reloaded before import = 0
Number of asset objects unloaded after import = 3
========================================================================
Received Import Request.
  Time since last request: 0.001370 seconds.
  path: Assets/SunnyLand Artwork/Environment/Tileset/tileset-sliced_123.asset
  artifactKey: Guid(e77276b823626c14383483ee1d7c42f9) Importer(815301076,1909f56bfc062723c751e8b465ee728b)
Start importing Assets/SunnyLand Artwork/Environment/Tileset/tileset-sliced_123.asset using Guid(e77276b823626c14383483ee1d7c42f9) Importer(815301076,1909f56bfc062723c751e8b465ee728b)  -> (artifact id: '8ebd2eed0f5f91734d82f8f4ee72ccb9') in 0.038253 seconds
Number of updated asset objects reloaded before import = 0
Number of asset objects unloaded after import = 3
========================================================================
Received Import Request.
  Time since last request: 0.000026 seconds.
  path: Assets/SunnyLand Artwork/Environment/Tileset/tileset-sliced_125.asset
  artifactKey: Guid(bd3763d1031ef3e459b11d693e13aeaa) Importer(815301076,1909f56bfc062723c751e8b465ee728b)
Start importing Assets/SunnyLand Artwork/Environment/Tileset/tileset-sliced_125.asset using Guid(bd3763d1031ef3e459b11d693e13aeaa) Importer(815301076,1909f56bfc062723c751e8b465ee728b)  -> (artifact id: '3b60e7e216598c76a84e6301c045fa2b') in 0.005828 seconds
Number of updated asset objects reloaded before import = 0
Number of asset objects unloaded after import = 3
========================================================================
Received Import Request.
  Time since last request: 0.357673 seconds.
  path: Assets/SunnyLand Artwork/Environment/Tileset/tileset_2.asset
  artifactKey: Guid(1e3aeea787bba7b4dab789d7b67cb522) Importer(815301076,1909f56bfc062723c751e8b465ee728b)
Start importing Assets/SunnyLand Artwork/Environment/Tileset/tileset_2.asset using Guid(1e3aeea787bba7b4dab789d7b67cb522) Importer(815301076,1909f56bfc062723c751e8b465ee728b)  -> (artifact id: '509127dc0b0428663ab0e450b290816f') in 0.003067 seconds
Number of updated asset objects reloaded before import = 0
Number of asset objects unloaded after import = 1
========================================================================
Received Import Request.
  Time since last request: 0.000266 seconds.
  path: Assets/SunnyLand Artwork/Environment/Tileset/tileset_5.asset
  artifactKey: Guid(2ec1a1bd26bc38e4dab8bf86d0557419) Importer(815301076,1909f56bfc062723c751e8b465ee728b)
Start importing Assets/SunnyLand Artwork/Environment/Tileset/tileset_5.asset using Guid(2ec1a1bd26bc38e4dab8bf86d0557419) Importer(815301076,1909f56bfc062723c751e8b465ee728b)  -> (artifact id: '5984005f64a92c3395416a5aedfdc4f6') in 0.001779 seconds
Number of updated asset objects reloaded before import = 0
Number of asset objects unloaded after import = 1
========================================================================
Received Import Request.
  Time since last request: 0.012955 seconds.
  path: Assets/SunnyLand Artwork/Environment/Tileset/tileset_11.asset
  artifactKey: Guid(5814fc6980afaa24894c450aeb7573f1) Importer(815301076,1909f56bfc062723c751e8b465ee728b)
Start importing Assets/SunnyLand Artwork/Environment/Tileset/tileset_11.asset using Guid(5814fc6980afaa24894c450aeb7573f1) Importer(815301076,1909f56bfc062723c751e8b465ee728b)  -> (artifact id: '303bd9795ec10ab2837828baa18d4ed1') in 0.002136 seconds
Number of updated asset objects reloaded before import = 0
Number of asset objects unloaded after import = 1
========================================================================
Received Import Request.
  Time since last request: 0.010580 seconds.
  path: Assets/SunnyLand Artwork/Environment/Tileset/tileset_18.asset
  artifactKey: Guid(0fb07c1a4e1326345bc621bb00160fec) Importer(815301076,1909f56bfc062723c751e8b465ee728b)
Start importing Assets/SunnyLand Artwork/Environment/Tileset/tileset_18.asset using Guid(0fb07c1a4e1326345bc621bb00160fec) Importer(815301076,1909f56bfc062723c751e8b465ee728b)  -> (artifact id: '3b0b39ab8740bf71670ef712a1dad2d3') in 0.001992 seconds
Number of updated asset objects reloaded before import = 0
Number of asset objects unloaded after import = 1
========================================================================
Received Import Request.
  Time since last request: 0.000164 seconds.
  path: Assets/SunnyLand Artwork/Environment/Tileset/tileset_23.asset
  artifactKey: Guid(bbc2cdf74af0dc34e9754ee84158bdfd) Importer(815301076,1909f56bfc062723c751e8b465ee728b)
Start importing Assets/SunnyLand Artwork/Environment/Tileset/tileset_23.asset using Guid(bbc2cdf74af0dc34e9754ee84158bdfd) Importer(815301076,1909f56bfc062723c751e8b465ee728b)  -> (artifact id: '46f36aa13d7b52cfac1cc0bc9fd90be0') in 0.002058 seconds
Number of updated asset objects reloaded before import = 0
Number of asset objects unloaded after import = 1
========================================================================
Received Import Request.
  Time since last request: 0.005281 seconds.
  path: Assets/SunnyLand Artwork/Environment/Tileset/tileset_30.asset
  artifactKey: Guid(3571755bba4191b4ba926cbb3cdc6c72) Importer(815301076,1909f56bfc062723c751e8b465ee728b)
Start importing Assets/SunnyLand Artwork/Environment/Tileset/tileset_30.asset using Guid(3571755bba4191b4ba926cbb3cdc6c72) Importer(815301076,1909f56bfc062723c751e8b465ee728b)  -> (artifact id: '68850386ac0900b8050dec5b6ebdc298') in 0.002335 seconds
Number of updated asset objects reloaded before import = 0
Number of asset objects unloaded after import = 1
========================================================================
Received Import Request.
  Time since last request: 0.004576 seconds.
  path: Assets/SunnyLand Artwork/Environment/Tileset/tileset_38.asset
  artifactKey: Guid(0ed87fb31162c124395a6e5eacb79b4c) Importer(815301076,1909f56bfc062723c751e8b465ee728b)
Start importing Assets/SunnyLand Artwork/Environment/Tileset/tileset_38.asset using Guid(0ed87fb31162c124395a6e5eacb79b4c) Importer(815301076,1909f56bfc062723c751e8b465ee728b)  -> (artifact id: '5cad89ff9e968817d9f40b95f9000e48') in 0.001989 seconds
Number of updated asset objects reloaded before import = 0
Number of asset objects unloaded after import = 1
========================================================================
Received Import Request.
  Time since last request: 0.004554 seconds.
  path: Assets/SunnyLand Artwork/Environment/Tileset/tileset_46.asset
  artifactKey: Guid(94bd5b363442390419fc3344d54f7217) Importer(815301076,1909f56bfc062723c751e8b465ee728b)
Start importing Assets/SunnyLand Artwork/Environment/Tileset/tileset_46.asset using Guid(94bd5b363442390419fc3344d54f7217) Importer(815301076,1909f56bfc062723c751e8b465ee728b)  -> (artifact id: 'ccc671144bfc60f1f0311e7410c41b7c') in 0.001999 seconds
Number of updated asset objects reloaded before import = 0
Number of asset objects unloaded after import = 1
========================================================================
Received Import Request.
  Time since last request: 0.009726 seconds.
  path: Assets/SunnyLand Artwork/Environment/Tileset/tileset_50.asset
  artifactKey: Guid(ecd31e0c89c2de9479af40d9a85d7798) Importer(815301076,1909f56bfc062723c751e8b465ee728b)
Start importing Assets/SunnyLand Artwork/Environment/Tileset/tileset_50.asset using Guid(ecd31e0c89c2de9479af40d9a85d7798) Importer(815301076,1909f56bfc062723c751e8b465ee728b)  -> (artifact id: '4b49b41855acd9380dfb9da3b416d05b') in 0.002000 seconds
Number of updated asset objects reloaded before import = 0
Number of asset objects unloaded after import = 1
========================================================================
Received Import Request.
  Time since last request: 0.000014 seconds.
  path: Assets/SunnyLand Artwork/Environment/Tileset/tileset_52.asset
  artifactKey: Guid(5b9de54899ddea14087a85daa5aad47b) Importer(815301076,1909f56bfc062723c751e8b465ee728b)
Start importing Assets/SunnyLand Artwork/Environment/Tileset/tileset_52.asset using Guid(5b9de54899ddea14087a85daa5aad47b) Importer(815301076,1909f56bfc062723c751e8b465ee728b)  -> (artifact id: 'ee2336d34f1f86668dcd91adc820c287') in 0.001912 seconds
Number of updated asset objects reloaded before import = 0
Number of asset objects unloaded after import = 1
========================================================================
Received Import Request.
  Time since last request: 0.005235 seconds.
  path: Assets/SunnyLand Artwork/Environment/Tileset/tileset_62.asset
  artifactKey: Guid(8a013f81299c04c4f93043a3e72a7a27) Importer(815301076,1909f56bfc062723c751e8b465ee728b)
Start importing Assets/SunnyLand Artwork/Environment/Tileset/tileset_62.asset using Guid(8a013f81299c04c4f93043a3e72a7a27) Importer(815301076,1909f56bfc062723c751e8b465ee728b)  -> (artifact id: 'e10f6fba45da3de32bff77a9c303789b') in 0.001873 seconds
Number of updated asset objects reloaded before import = 0
Number of asset objects unloaded after import = 1
========================================================================
Received Import Request.
  Time since last request: 0.275703 seconds.
  path: Assets/SunnyLand Artwork/Environment/Tileset/tileset_66.asset
  artifactKey: Guid(4f06f7be251b02b45a58ec0cadfffb03) Importer(815301076,1909f56bfc062723c751e8b465ee728b)
Start importing Assets/SunnyLand Artwork/Environment/Tileset/tileset_66.asset using Guid(4f06f7be251b02b45a58ec0cadfffb03) Importer(815301076,1909f56bfc062723c751e8b465ee728b)  -> (artifact id: 'daaa3c95840315bdd7bbd9872146864a') in 0.002076 seconds
Number of updated asset objects reloaded before import = 0
Number of asset objects unloaded after import = 1
========================================================================
Received Import Request.
  Time since last request: 0.002355 seconds.
  path: Assets/SunnyLand Artwork/Environment/Tileset/tileset_68.asset
  artifactKey: Guid(102f744a2cbac7d40a310d9aad96b59d) Importer(815301076,1909f56bfc062723c751e8b465ee728b)
Start importing Assets/SunnyLand Artwork/Environment/Tileset/tileset_68.asset using Guid(102f744a2cbac7d40a310d9aad96b59d) Importer(815301076,1909f56bfc062723c751e8b465ee728b)  -> (artifact id: '6614b3a6f2fe1cbf0fc3499917c9d07a') in 0.002045 seconds
Number of updated asset objects reloaded before import = 0
Number of asset objects unloaded after import = 1
========================================================================
Received Import Request.
  Time since last request: 0.002928 seconds.
  path: Assets/SunnyLand Artwork/Environment/Tileset/tileset_70.asset
  artifactKey: Guid(e5adde6f61cfd184eadc646db909594f) Importer(815301076,1909f56bfc062723c751e8b465ee728b)
Start importing Assets/SunnyLand Artwork/Environment/Tileset/tileset_70.asset using Guid(e5adde6f61cfd184eadc646db909594f) Importer(815301076,1909f56bfc062723c751e8b465ee728b)  -> (artifact id: '1df0f33c17334da36802269af8e8ebc7') in 0.002076 seconds
Number of updated asset objects reloaded before import = 0
Number of asset objects unloaded after import = 1
========================================================================
Received Import Request.
  Time since last request: 0.016450 seconds.
  path: Assets/SunnyLand Artwork/Environment/Tileset/tileset_82.asset
  artifactKey: Guid(354225da264eef14d925b1a9fb542bb7) Importer(815301076,1909f56bfc062723c751e8b465ee728b)
Start importing Assets/SunnyLand Artwork/Environment/Tileset/tileset_82.asset using Guid(354225da264eef14d925b1a9fb542bb7) Importer(815301076,1909f56bfc062723c751e8b465ee728b)  -> (artifact id: '25bcc4da8ab5d1885cecec82e9a69280') in 0.002150 seconds
Number of updated asset objects reloaded before import = 0
Number of asset objects unloaded after import = 1
========================================================================
Received Import Request.
  Time since last request: 0.000020 seconds.
  path: Assets/SunnyLand Artwork/Environment/Tileset/tileset_86.asset
  artifactKey: Guid(87c9ceab7fb830a47866fb46f2143717) Importer(815301076,1909f56bfc062723c751e8b465ee728b)
Start importing Assets/SunnyLand Artwork/Environment/Tileset/tileset_86.asset using Guid(87c9ceab7fb830a47866fb46f2143717) Importer(815301076,1909f56bfc062723c751e8b465ee728b)  -> (artifact id: '42e46495eda090eb8e76d2ce42332e2e') in 0.001923 seconds
Number of updated asset objects reloaded before import = 0
Number of asset objects unloaded after import = 1
========================================================================
Received Import Request.
  Time since last request: 0.005305 seconds.
  path: Assets/SunnyLand Artwork/Environment/Tileset/tileset_94.asset
  artifactKey: Guid(d72cb9168168d264ea51da34eebaefb9) Importer(815301076,1909f56bfc062723c751e8b465ee728b)
Start importing Assets/SunnyLand Artwork/Environment/Tileset/tileset_94.asset using Guid(d72cb9168168d264ea51da34eebaefb9) Importer(815301076,1909f56bfc062723c751e8b465ee728b)  -> (artifact id: '295bbbccd07d020e8a9925c738de8704') in 0.001905 seconds
Number of updated asset objects reloaded before import = 0
Number of asset objects unloaded after import = 1
========================================================================
Received Import Request.
  Time since last request: 0.008782 seconds.
  path: Assets/SunnyLand Artwork/Environment/Tileset/tileset_98.asset
  artifactKey: Guid(e101af530a791a949a643b9b48dbe0e4) Importer(815301076,1909f56bfc062723c751e8b465ee728b)
Start importing Assets/SunnyLand Artwork/Environment/Tileset/tileset_98.asset using Guid(e101af530a791a949a643b9b48dbe0e4) Importer(815301076,1909f56bfc062723c751e8b465ee728b)  -> (artifact id: '224e38263aeaea0d839dc7e6a91caf4a') in 0.002001 seconds
Number of updated asset objects reloaded before import = 0
Number of asset objects unloaded after import = 1
========================================================================
Received Import Request.
  Time since last request: 0.000031 seconds.
  path: Assets/SunnyLand Artwork/Environment/Tileset/tileset_100.asset
  artifactKey: Guid(962ff6319a07ff847a44b3119f1b6d86) Importer(815301076,1909f56bfc062723c751e8b465ee728b)
Start importing Assets/SunnyLand Artwork/Environment/Tileset/tileset_100.asset using Guid(962ff6319a07ff847a44b3119f1b6d86) Importer(815301076,1909f56bfc062723c751e8b465ee728b)  -> (artifact id: '2e16c764566d80441149e47680e6df1e') in 0.001935 seconds
Number of updated asset objects reloaded before import = 0
Number of asset objects unloaded after import = 1
========================================================================
Received Import Request.
  Time since last request: 0.004235 seconds.
  path: Assets/SunnyLand Artwork/Environment/Tileset/tileset_110.asset
  artifactKey: Guid(3ca9990867e269b45aaf164f7e3d84df) Importer(815301076,1909f56bfc062723c751e8b465ee728b)
Start importing Assets/SunnyLand Artwork/Environment/Tileset/tileset_110.asset using Guid(3ca9990867e269b45aaf164f7e3d84df) Importer(815301076,1909f56bfc062723c751e8b465ee728b)  -> (artifact id: '4e8489e2684d6b84dae798f88e1af8c4') in 0.001960 seconds
Number of updated asset objects reloaded before import = 0
Number of asset objects unloaded after import = 1
========================================================================
Received Import Request.
  Time since last request: 0.009128 seconds.
  path: Assets/SunnyLand Artwork/Environment/Tileset/tileset_114.asset
  artifactKey: Guid(7d073cef00ca2534881a7bb2d13e988e) Importer(815301076,1909f56bfc062723c751e8b465ee728b)
Start importing Assets/SunnyLand Artwork/Environment/Tileset/tileset_114.asset using Guid(7d073cef00ca2534881a7bb2d13e988e) Importer(815301076,1909f56bfc062723c751e8b465ee728b)  -> (artifact id: 'bf60a1602edfa7e275ac99ee5c7b7075') in 0.002140 seconds
Number of updated asset objects reloaded before import = 0
Number of asset objects unloaded after import = 1
========================================================================
Received Import Request.
  Time since last request: 0.000016 seconds.
  path: Assets/SunnyLand Artwork/Environment/Tileset/tileset_118.asset
  artifactKey: Guid(afc0056ff73931544a72236c11305898) Importer(815301076,1909f56bfc062723c751e8b465ee728b)
Start importing Assets/SunnyLand Artwork/Environment/Tileset/tileset_118.asset using Guid(afc0056ff73931544a72236c11305898) Importer(815301076,1909f56bfc062723c751e8b465ee728b)  -> (artifact id: 'fa16f856a846560469946d7ed8dfe4fe') in 0.003138 seconds
Number of updated asset objects reloaded before import = 0
Number of asset objects unloaded after import = 1
Editor requested this worker to shutdown with reason: Scaling down because of idle timeout
AssetImportWorker is now disconnected from the server
Process exiting
Exiting without the bug reporter. Application will terminate with return code 0